0 info it worked if it ends with ok
1 verbose cli [ 'D:\\node\\node.exe',
1 verbose cli   'C:\\Users\\ddd\\AppData\\Roaming\\npm\\node_modules\\npm\\bin\\npm-cli.js',
1 verbose cli   'publish',
1 verbose cli   'xk' ]
2 info using npm@3.8.6
3 info using node@v5.10.0
4 verbose publish [ 'xk' ]
5 silly cache add args [ 'xk', null ]
6 verbose cache add spec xk
7 silly cache add parsed spec Result {
7 silly cache add   raw: 'xk',
7 silly cache add   scope: null,
7 silly cache add   name: 'xk',
7 silly cache add   rawSpec: '',
7 silly cache add   spec: 'latest',
7 silly cache add   type: 'tag' }
8 silly addNamed xk@latest
9 verbose addNamed "latest" is being treated as a dist-tag for xk
10 info addNameTag [ 'xk', 'latest' ]
11 silly mapToRegistry name xk
12 silly mapToRegistry using default registry
13 silly mapToRegistry registry https://registry.npmjs.org/
14 silly mapToRegistry data Result {
14 silly mapToRegistry   raw: 'xk',
14 silly mapToRegistry   scope: null,
14 silly mapToRegistry   name: 'xk',
14 silly mapToRegistry   rawSpec: '',
14 silly mapToRegistry   spec: 'latest',
14 silly mapToRegistry   type: 'tag' }
15 silly mapToRegistry uri https://registry.npmjs.org/xk
16 verbose addNameTag registry:https://registry.npmjs.org/xk not in flight; fetching
17 verbose request uri https://registry.npmjs.org/xk
18 verbose request no auth needed
19 info attempt registry request try #1 at 13:59:23
20 verbose request using bearer token for auth
21 verbose request id 35076bf17a6344d9
22 http request GET https://registry.npmjs.org/xk
23 http 200 https://registry.npmjs.org/xk
24 verbose headers { server: 'nginx/1.10.1',
24 verbose headers   'content-type': 'application/json',
24 verbose headers   'last-modified': 'Fri, 15 Apr 2016 15:46:36 GMT',
24 verbose headers   etag: 'W/"57110cdc-4e5"',
24 verbose headers   'content-encoding': 'gzip',
24 verbose headers   'cache-control': 'max-age=300',
24 verbose headers   'transfer-encoding': 'chunked',
24 verbose headers   'accept-ranges': 'bytes',
24 verbose headers   date: 'Thu, 03 Aug 2017 05:59:20 GMT',
24 verbose headers   via: '1.1 varnish',
24 verbose headers   connection: 'keep-alive',
24 verbose headers   'x-served-by': 'cache-nrt6129-NRT',
24 verbose headers   'x-cache': 'MISS',
24 verbose headers   'x-cache-hits': '0',
24 verbose headers   'x-timer': 'S1501739961.572992,VS0,VE152',
24 verbose headers   vary: 'Accept-Encoding, Accept' }
25 silly get cb [ 200,
25 silly get   { server: 'nginx/1.10.1',
25 silly get     'content-type': 'application/json',
25 silly get     'last-modified': 'Fri, 15 Apr 2016 15:46:36 GMT',
25 silly get     etag: 'W/"57110cdc-4e5"',
25 silly get     'content-encoding': 'gzip',
25 silly get     'cache-control': 'max-age=300',
25 silly get     'transfer-encoding': 'chunked',
25 silly get     'accept-ranges': 'bytes',
25 silly get     date: 'Thu, 03 Aug 2017 05:59:20 GMT',
25 silly get     via: '1.1 varnish',
25 silly get     connection: 'keep-alive',
25 silly get     'x-served-by': 'cache-nrt6129-NRT',
25 silly get     'x-cache': 'MISS',
25 silly get     'x-cache-hits': '0',
25 silly get     'x-timer': 'S1501739961.572992,VS0,VE152',
25 silly get     vary: 'Accept-Encoding, Accept' } ]
26 verbose get saving xk to C:\Users\ddd\AppData\Roaming\npm-cache\registry.npmjs.org\xk\.cache.json
27 verbose correctMkdir C:\Users\ddd\AppData\Roaming\npm-cache correctMkdir not in flight; initializing
28 silly addNameTag next cb for xk with tag latest
29 silly addNamed xk@0.0.0
30 verbose addNamed "0.0.0" is a plain semver version for xk
31 silly mapToRegistry name xk
32 silly mapToRegistry using default registry
33 silly mapToRegistry registry https://registry.npmjs.org/
34 silly mapToRegistry data Result {
34 silly mapToRegistry   raw: 'xk',
34 silly mapToRegistry   scope: null,
34 silly mapToRegistry   name: 'xk',
34 silly mapToRegistry   rawSpec: '',
34 silly mapToRegistry   spec: 'latest',
34 silly mapToRegistry   type: 'tag' }
35 silly mapToRegistry uri https://registry.npmjs.org/xk
36 verbose addRemoteTarball https://registry.npmjs.org/xk/-/xk-0.0.0.tgz not in flight; adding
37 verbose addRemoteTarball [ 'https://registry.npmjs.org/xk/-/xk-0.0.0.tgz',
37 verbose addRemoteTarball   'ba343b8fda09b30007c6811966c5d00854fdf173' ]
38 info retry fetch attempt 1 at 13:59:24
39 info attempt registry request try #1 at 13:59:24
40 http fetch GET https://registry.npmjs.org/xk/-/xk-0.0.0.tgz
41 verbose request using bearer token for auth
42 http fetch 200 https://registry.npmjs.org/xk/-/xk-0.0.0.tgz
43 silly fetchAndShaCheck shasum ba343b8fda09b30007c6811966c5d00854fdf173
44 verbose addTmpTarball C:\Users\ddd\AppData\Local\Temp\npm-2740-a23fbc02\registry.npmjs.org\xk\-\xk-0.0.0.tgz not in flight; adding
45 verbose addTmpTarball already have metadata; skipping unpack for xk@0.0.0
46 verbose correctMkdir C:\Users\ddd\AppData\Roaming\npm-cache correctMkdir not in flight; initializing
47 silly cache afterAdd xk@0.0.0
48 verbose afterAdd C:\Users\ddd\AppData\Roaming\npm-cache\xk\0.0.0\package\package.json not in flight; writing
49 verbose correctMkdir C:\Users\ddd\AppData\Roaming\npm-cache correctMkdir not in flight; initializing
50 verbose afterAdd C:\Users\ddd\AppData\Roaming\npm-cache\xk\0.0.0\package\package.json written
51 silly publish { name: 'xk',
51 silly publish   version: '0.0.0',
51 silly publish   description: '',
51 silly publish   main: 'index.js',
51 silly publish   scripts: { test: 'echo "Error: no test specified" && exit 1' },
51 silly publish   author:
51 silly publish    { name: 'Diego Rodríguez Baquero',
51 silly publish      email: 'diegorbaquero@gmail.com' },
51 silly publish   license: 'MIT',
51 silly publish   _id: 'xk@0.0.0',
51 silly publish   _shasum: 'ba343b8fda09b30007c6811966c5d00854fdf173',
51 silly publish   _from: 'xk@latest',
51 silly publish   _npmVersion: '2.15.0',
51 silly publish   _nodeVersion: '4.4.2',
51 silly publish   _npmUser: { name: 'diegorbaquero', email: 'diegorbaquero@gmail.com' },
51 silly publish   dist:
51 silly publish    { shasum: 'ba343b8fda09b30007c6811966c5d00854fdf173',
51 silly publish      tarball: 'https://registry.npmjs.org/xk/-/xk-0.0.0.tgz' },
51 silly publish   maintainers: [ { name: 'diegorbaquero', email: 'diegorbaquero@gmail.com' } ],
51 silly publish   _npmOperationalInternal:
51 silly publish    { host: 'packages-12-west.internal.npmjs.com',
51 silly publish      tmp: 'tmp/xk-0.0.0.tgz_1460735194289_0.5414055460132658' },
51 silly publish   directories: {},
51 silly publish   _resolved: 'https://registry.npmjs.org/xk/-/xk-0.0.0.tgz' }
52 info lifecycle xk@0.0.0~prepublish: xk@0.0.0
53 silly lifecycle xk@0.0.0~prepublish: no script for prepublish, continuing
54 verbose getPublishConfig undefined
55 silly mapToRegistry name xk
56 silly mapToRegistry using default registry
57 silly mapToRegistry registry https://registry.npmjs.org/
58 silly mapToRegistry data Result {
58 silly mapToRegistry   raw: 'xk',
58 silly mapToRegistry   scope: null,
58 silly mapToRegistry   name: 'xk',
58 silly mapToRegistry   rawSpec: '',
58 silly mapToRegistry   spec: 'latest',
58 silly mapToRegistry   type: 'tag' }
59 silly mapToRegistry uri https://registry.npmjs.org/xk
60 verbose publish registryBase https://registry.npmjs.org/
61 silly publish uploading C:\Users\ddd\AppData\Roaming\npm-cache\xk\0.0.0\package.tgz
62 verbose request uri https://registry.npmjs.org/xk
63 verbose request sending authorization for write operation
64 info attempt registry request try #1 at 13:59:25
65 verbose request using bearer token for auth
66 http request PUT https://registry.npmjs.org/xk
67 http 403 https://registry.npmjs.org/xk
68 verbose headers { 'content-type': 'application/json',
68 verbose headers   'cache-control': 'max-age=300',
68 verbose headers   'content-length': '96',
68 verbose headers   'accept-ranges': 'bytes',
68 verbose headers   date: 'Thu, 03 Aug 2017 05:59:22 GMT',
68 verbose headers   via: '1.1 varnish',
68 verbose headers   connection: 'keep-alive',
68 verbose headers   'x-served-by': 'cache-nrt6129-NRT',
68 verbose headers   'x-cache': 'MISS',
68 verbose headers   'x-cache-hits': '0',
68 verbose headers   'x-timer': 'S1501739962.109173,VS0,VE473',
68 verbose headers   vary: 'Accept-Encoding, Accept' }
69 verbose request invalidating C:\Users\ddd\AppData\Roaming\npm-cache\registry.npmjs.org\xk on PUT
70 error publish Failed PUT 403
71 verbose stack Error: you do not have permission to publish "xk". Are you logged in as the correct user? : xk
71 verbose stack     at makeError (C:\Users\ddd\AppData\Roaming\npm\node_modules\npm\node_modules\npm-registry-client\lib\request.js:264:12)
71 verbose stack     at CachingRegistryClient.<anonymous> (C:\Users\ddd\AppData\Roaming\npm\node_modules\npm\node_modules\npm-registry-client\lib\request.js:252:14)
71 verbose stack     at Request._callback (C:\Users\ddd\AppData\Roaming\npm\node_modules\npm\node_modules\npm-registry-client\lib\request.js:172:14)
71 verbose stack     at Request.self.callback (C:\Users\ddd\AppData\Roaming\npm\node_modules\npm\node_modules\request\request.js:199:22)
71 verbose stack     at emitTwo (events.js:100:13)
71 verbose stack     at Request.emit (events.js:185:7)
71 verbose stack     at Request.<anonymous> (C:\Users\ddd\AppData\Roaming\npm\node_modules\npm\node_modules\request\request.js:1036:10)
71 verbose stack     at emitOne (events.js:95:20)
71 verbose stack     at Request.emit (events.js:182:7)
71 verbose stack     at IncomingMessage.<anonymous> (C:\Users\ddd\AppData\Roaming\npm\node_modules\npm\node_modules\request\request.js:963:12)
72 verbose statusCode 403
73 verbose pkgid xk
74 verbose cwd E:\laodong\xk\xk
75 error Windows_NT 6.1.7601
76 error argv "D:\\node\\node.exe" "C:\\Users\\ddd\\AppData\\Roaming\\npm\\node_modules\\npm\\bin\\npm-cli.js" "publish" "xk"
77 error node v5.10.0
78 error npm  v3.8.6
79 error code E403
80 error you do not have permission to publish "xk". Are you logged in as the correct user? : xk
81 error If you need help, you may report this error at:
81 error     <https://github.com/npm/npm/issues>
82 verbose exit [ 1, true ]
